
-------------------------------------------------------------------
[Downloader2] Loaded configuration: normal
[Bootstrapper] createLauncher
[Bootstrapper] choose jvm:C:\Users\regri\AppData\Roaming\.tlauncher\jvms\jre1.8.0_281\bin\javaw.exe
[Bootstrapper] validate files
[Bootstrapper] end validated files
[Bootstrapper] Starting launcher...
[Double running] clear time label
> Loading configuration from file: C:\Users\regri\AppData\Roaming\.tlauncher\tlauncher-2.0.properties
> [Configuration] Constant values: {}
> [Loading] INITIALIZING
> Starting TLauncher 2.86 RELEASE
> For more information, visit https://tlauncher.org/
> Startup time: 12.12.2022 18:34:17
> Running folder C:\Users\regri\AppData\Roaming\.minecraft
> ---
> [Loading] LOADING_CONFIGURATION
> Machine info: -------------------------------------------------------
> Windows 10 10.0, Java 1.8.0_281, jvm bit x64, 8129 MB RAM
> java path=C:\Users\regri\AppData\Roaming\.tlauncher\jvms\jre1.8.0_281\bin\javaw.exe
> Intel(R) Core(TM) i3-4160 CPU @ 3.60GHz
>  NVIDIA GeForce GTX 1060 3GB, NVIDIA GeForce GTX 1060 3GB, 7042 MB
> -------------------------------------------------------
> Selected locale: ru_RU
> [Loading] LOADING_CONSOLE
> [Downloader2] Loaded configuration: good
> [Updater] Requesting an update...
> [Updater] Requesting from: https://repo.tlauncher.org/update/lch/update_2.0.json
> [Updater] Making request: https://repo.tlauncher.org/update/lch/update_2.0.json?version=2.86&client=a2f84895-8419-43c0-9327-0d0ecee2bb17
> [Updater] Request time: 223 ms
> [Updater] Successfully requested from: https://repo.tlauncher.org/update/lch/update_2.0.json
> [Browser] Loading resources...
> [Browser] Loading background...
> [Browser] Cleaning up after loading:
> Starting garbage collector: 62 / 109 MB
> Garbage collector completed: 22 / 148 MB
> [Loading] LOADING_MANAGERS
> [LocalVersionList] Base directory: C:\Users\regri\AppData\Roaming\.minecraft
> [ProfileManager] Refreshing profiles from: C:\Users\regri\AppData\Roaming\.minecraft\TlauncherProfiles.json
> [AdvertisingStatusObserver]  started to get ad information
> [AdvertisingStatusObserver]  finished to get add information
> save profiles
> [GsonUtil]  request to https://repo.tlauncher.org/update/downloads/libraries/org/tlauncher/authlib/libraries-1.7.json
> [Loading] LOADING_WINDOW
> [REPO][SERVER_LIST_REPO] Success: Reached the repo in 73 ms.
> [Swing] Favicons loaded: 256px, 128px, 96px, 64px, 48px, 32px, 24px, 16px
> [Loading] PREPARING_MAINPANE
> [JFXStartPageLoader]  start load page: https://page.tlauncher.org/update/downloads/configs/client/index.html
> [Browser] Running in JavaFX Thread
> [Browser] Preparing JavaFX...
> [Browser] Initializing...
> [Downloader2] Loaded configuration: good
> [JFXStartPageLoader]  succeeded load page: https://page.tlauncher.org/update/downloads/configs/client/index.html during 0
> [Browser@189438284] Loaded successfully: "https://page.tlauncher.org/update/downloads/configs/client/index.html"
> [Browser] add listens into server_choose
> [Browser] finished listens into server_choose
> [Loading] POSTINIT_GUI
> [Frame] Packing main frame...
> [Frame] Resizing main pane...
> Updater is already closed. Showing up...
> Visibility set.
> [Loading] REFRESHING_INFO
> Started! (5090 ms.)
> [Loading] SUCCESS
[Bootstrapper] I can be terminated now: 0
