[17:21:59] [main/INFO]: LiteLoader 1.7.10_02 starting up...
[17:21:59] [main/INFO]: Java reports OS="windows 10"
[17:21:59] [main/INFO]: Enumerating class path...
[17:21:59] [main/INFO]: Class path separator=";"
[17:21:59] [main/INFO]: Class path entries=(
   classpathEntry=C:\Users\regri\AppData\Roaming\.minecraft\libraries\optifine\OptiFine\1.7.10_HD_U_E7\OptiFine-1.7.10_HD_U_E7.jar
   classpathEntry=C:\Users\regri\AppData\Roaming\.minecraft\libraries\net\minecraftforge\forge\1.7.10-10.13.4.1614-1.7.10\forge-1.7.10-10.13.4.1614-1.7.10.jar
   classpathEntry=C:\Users\regri\AppData\Roaming\.minecraft\libraries\net\minecraft\launchwrapper\1.12\launchwrapper-1.12.jar
   classpathEntry=C:\Users\regri\AppData\Roaming\.minecraft\libraries\org\ow2\asm\asm-all\5.0.3\asm-all-5.0.3.jar
   classpathEntry=C:\Users\regri\AppData\Roaming\.minecraft\libraries\com\typesafe\akka\akka-actor_2.11\2.3.3\akka-actor_2.11-2.3.3.jar
   classpathEntry=C:\Users\regri\AppData\Roaming\.minecraft\libraries\com\typesafe\config\1.2.1\config-1.2.1.jar
   classpathEntry=C:\Users\regri\AppData\Roaming\.minecraft\libraries\org\scala-lang\scala-actors-migration_2.11\1.1.0\scala-actors-migration_2.11-1.1.0.jar
   classpathEntry=C:\Users\regri\AppData\Roaming\.minecraft\libraries\org\scala-lang\scala-compiler\2.11.1\scala-compiler-2.11.1.jar
   classpathEntry=C:\Users\regri\AppData\Roaming\.minecraft\libraries\org\scala-lang\plugins\scala-continuations-library_2.11\1.0.2\scala-continuations-library_2.11-1.0.2.jar
   classpathEntry=C:\Users\regri\AppData\Roaming\.minecraft\libraries\org\scala-lang\plugins\scala-continuations-plugin_2.11.1\1.0.2\scala-continuations-plugin_2.11.1-1.0.2.jar
   classpathEntry=C:\Users\regri\AppData\Roaming\.minecraft\libraries\org\scala-lang\scala-library\2.11.1\scala-library-2.11.1.jar
   classpathEntry=C:\Users\regri\AppData\Roaming\.minecraft\libraries\org\scala-lang\scala-parser-combinators_2.11\1.0.1\scala-parser-combinators_2.11-1.0.1.jar
   classpathEntry=C:\Users\regri\AppData\Roaming\.minecraft\libraries\org\scala-lang\scala-reflect\2.11.1\scala-reflect-2.11.1.jar
   classpathEntry=C:\Users\regri\AppData\Roaming\.minecraft\libraries\org\scala-lang\scala-swing_2.11\1.0.1\scala-swing_2.11-1.0.1.jar
   classpathEntry=C:\Users\regri\AppData\Roaming\.minecraft\libraries\org\scala-lang\scala-xml_2.11\1.0.2\scala-xml_2.11-1.0.2.jar
   classpathEntry=C:\Users\regri\AppData\Roaming\.minecraft\libraries\lzma\lzma\0.0.1\lzma-0.0.1.jar
   classpathEntry=C:\Users\regri\AppData\Roaming\.minecraft\libraries\com\google\guava\guava\17.0\guava-17.0.jar
   classpathEntry=C:\Users\regri\AppData\Roaming\.minecraft\libraries\org\tlauncher\netty\1.6\netty-1.6.jar
   classpathEntry=C:\Users\regri\AppData\Roaming\.minecraft\libraries\com\mojang\realms\1.3.5\realms-1.3.5.jar
   classpathEntry=C:\Users\regri\AppData\Roaming\.minecraft\libraries\org\apache\commons\commons-compress\1.8.1\commons-compress-1.8.1.jar
   classpathEntry=C:\Users\regri\AppData\Roaming\.minecraft\libraries\org\apache\httpcomponents\httpclient\4.3.3\httpclient-4.3.3.jar
   classpathEntry=C:\Users\regri\AppData\Roaming\.minecraft\libraries\commons-logging\commons-logging\1.1.3\commons-logging-1.1.3.jar
   classpathEntry=C:\Users\regri\AppData\Roaming\.minecraft\libraries\org\apache\httpcomponents\httpcore\4.3.2\httpcore-4.3.2.jar
   classpathEntry=C:\Users\regri\AppData\Roaming\.minecraft\libraries\java3d\vecmath\1.3.1\vecmath-1.3.1.jar
   classpathEntry=C:\Users\regri\AppData\Roaming\.minecraft\libraries\net\sf\trove4j\trove4j\3.0.3\trove4j-3.0.3.jar
   classpathEntry=C:\Users\regri\AppData\Roaming\.minecraft\libraries\com\ibm\icu\icu4j-core-mojang\51.2\icu4j-core-mojang-51.2.jar
   classpathEntry=C:\Users\regri\AppData\Roaming\.minecraft\libraries\net\sf\jopt-simple\jopt-simple\4.5\jopt-simple-4.5.jar
   classpathEntry=C:\Users\regri\AppData\Roaming\.minecraft\libraries\com\paulscode\codecjorbis\20101023\codecjorbis-20101023.jar
   classpathEntry=C:\Users\regri\AppData\Roaming\.minecraft\libraries\com\paulscode\codecwav\20101023\codecwav-20101023.jar
   classpathEntry=C:\Users\regri\AppData\Roaming\.minecraft\libraries\com\paulscode\libraryjavasound\20101123\libraryjavasound-20101123.jar
   classpathEntry=C:\Users\regri\AppData\Roaming\.minecraft\libraries\com\paulscode\librarylwjglopenal\20100824\librarylwjglopenal-20100824.jar
   classpathEntry=C:\Users\regri\AppData\Roaming\.minecraft\libraries\com\paulscode\soundsystem\20120107\soundsystem-20120107.jar
   classpathEntry=C:\Users\regri\AppData\Roaming\.minecraft\libraries\io\netty\netty-all\4.0.10.Final\netty-all-4.0.10.Final.jar
   classpathEntry=C:\Users\regri\AppData\Roaming\.minecraft\libraries\org\apache\commons\commons-lang3\3.3.2\commons-lang3-3.3.2.jar
   classpathEntry=C:\Users\regri\AppData\Roaming\.minecraft\libraries\commons-io\commons-io\2.4\commons-io-2.4.jar
   classpathEntry=C:\Users\regri\AppData\Roaming\.minecraft\libraries\commons-codec\commons-codec\1.9\commons-codec-1.9.jar
   classpathEntry=C:\Users\regri\AppData\Roaming\.minecraft\libraries\net\java\jinput\jinput\2.0.5\jinput-2.0.5.jar
   classpathEntry=C:\Users\regri\AppData\Roaming\.minecraft\libraries\net\java\jutils\jutils\1.0.0\jutils-1.0.0.jar
   classpathEntry=C:\Users\regri\AppData\Roaming\.minecraft\libraries\com\google\code\gson\gson\2.2.4\gson-2.2.4.jar
   classpathEntry=C:\Users\regri\AppData\Roaming\.minecraft\libraries\org\tlauncher\authlib\1.7.211\authlib-1.7.211.jar
   classpathEntry=C:\Users\regri\AppData\Roaming\.minecraft\libraries\org\apache\logging\log4j\log4j-api\2.0-beta9\log4j-api-2.0-beta9.jar
   classpathEntry=C:\Users\regri\AppData\Roaming\.minecraft\libraries\org\apache\logging\log4j\log4j-core\2.0-beta9\log4j-core-2.0-beta9.jar
   classpathEntry=C:\Users\regri\AppData\Roaming\.minecraft\libraries\org\lwjgl\lwjgl\lwjgl\2.9.1\lwjgl-2.9.1.jar
   classpathEntry=C:\Users\regri\AppData\Roaming\.minecraft\libraries\org\lwjgl\lwjgl\lwjgl_util\2.9.1\lwjgl_util-2.9.1.jar
   classpathEntry=C:\Users\regri\AppData\Roaming\.minecraft\libraries\tv\twitch\twitch\5.16\twitch-5.16.jar
   classpathEntry=C:\Users\regri\AppData\Roaming\.minecraft\versions\ForgeOptiFine 1.7.10\ForgeOptiFine 1.7.10.jar
)
[17:21:59] [main/INFO]: Registering discovery module EnumeratorModuleClassPath: [<Java Class Path>]
[17:21:59] [main/INFO]: Registering discovery module EnumeratorModuleFolder: [C:\Users\regri\AppData\Roaming\.minecraft\mods]
[17:21:59] [main/INFO]: Registering discovery module EnumeratorModuleFolder: [C:\Users\regri\AppData\Roaming\.minecraft\mods\1.7.10]
[17:21:59] [main/INFO]: Adding supported mod class prefix 'LiteMod'
[17:21:59] [main/INFO]: Discovering tweaks on class path...
[17:22:00] [main/INFO]: Discovering valid mod files in folder C:\Users\regri\AppData\Roaming\.minecraft\mods
[17:22:00] [main/INFO]: Considering valid mod file: C:\Users\regri\AppData\Roaming\.minecraft\mods\mod_voxelMap_1.2.1_for_1.7.10.litemod
[17:22:00] [main/INFO]: Adding newest valid mod file 'C:\Users\regri\AppData\Roaming\.minecraft\mods\mod_voxelMap_1.2.1_for_1.7.10.litemod' at revision 1201,0000
[17:22:00] [main/INFO]: Discovering valid mod files in folder C:\Users\regri\AppData\Roaming\.minecraft\mods\1.7.10
[17:22:00] [main/INFO]: Searching for tweaks in 'Baubles-1.7.10-1.0.1.7.jar'
[17:22:00] [main/WARN]: Error parsing manifest entries in 'C:\Users\regri\AppData\Roaming\.minecraft\mods\1.7.10\Baubles-1.7.10-1.0.1.7.jar'
[17:22:00] [main/INFO]: Searching for tweaks in 'buildcraft-6.0.18.jar'
[17:22:00] [main/WARN]: Error parsing manifest entries in 'C:\Users\regri\AppData\Roaming\.minecraft\mods\1.7.10\buildcraft-6.0.18.jar'
[17:22:00] [main/INFO]: Searching for tweaks in 'CodeChickenLib-1.7.10-1.1.1.104-universal.jar'
[17:22:00] [main/WARN]: Error parsing manifest entries in 'C:\Users\regri\AppData\Roaming\.minecraft\mods\1.7.10\CodeChickenLib-1.7.10-1.1.1.104-universal.jar'
[17:22:00] [main/INFO]: Searching for tweaks in 'Eureka-1.7.10-1.2.jar'
[17:22:00] [main/WARN]: Error parsing manifest entries in 'C:\Users\regri\AppData\Roaming\.minecraft\mods\1.7.10\Eureka-1.7.10-1.2.jar'
[17:22:00] [main/INFO]: Searching for tweaks in 'ForgeMultipart-1.7.10-1.1.0.309-universal.jar'
[17:22:00] [main/WARN]: Error parsing manifest entries in 'C:\Users\regri\AppData\Roaming\.minecraft\mods\1.7.10\ForgeMultipart-1.7.10-1.1.0.309-universal.jar'
[17:22:00] [main/INFO]: Searching for tweaks in 'liteloader-1.7.10.jar'
[17:22:00] [main/WARN]: Error parsing manifest entries in 'C:\Users\regri\AppData\Roaming\.minecraft\mods\1.7.10\liteloader-1.7.10.jar'
[17:22:00] [main/INFO]: Searching for tweaks in '[1.7.10]bspkrsCore-universal-6.13.jar'
[17:22:00] [main/WARN]: Error parsing manifest entries in 'C:\Users\regri\AppData\Roaming\.minecraft\mods\1.7.10\[1.7.10]bspkrsCore-universal-6.13.jar'
[17:22:00] [main/INFO]: Mod file 'mod_voxelMap_1.2.1_for_1.7.10.litemod' provides classTransformer 'com.thevoxelbox.voxelmap.litemod.VoxelMapTransformer', adding to class loader
[17:22:00] [main/INFO]: classTransformer 'com.thevoxelbox.voxelmap.litemod.VoxelMapTransformer' was successfully added
[17:22:00] [main/INFO]: Mod file 'liteloader-1.7.10.jar' provides tweakClass 'com.mumfrey.liteloader.launch.LiteLoaderTweaker', adding to Launch queue with priority 1000
[17:22:00] [main/INFO]: LiteLoader PREINIT complete
[17:22:02] [main/INFO]: Injecting event prerenderfbo with 1 handlers in method func_71411_J in class net.minecraft.client.Minecraft
[17:22:02] [main/INFO]: Injecting event postrenderfbo with 1 handlers in method func_71411_J in class net.minecraft.client.Minecraft
[17:22:02] [main/INFO]: Injecting event updateframebuffersize with 1 handlers in method func_147119_ah in class net.minecraft.client.Minecraft
[17:22:02] [main/INFO]: Injecting method return callback for onStartupComplete in class net.minecraft.client.Minecraft
[17:22:02] [main/INFO]: Injecting profiler invokation callback for onTick in class net.minecraft.client.Minecraft
[17:22:02] [main/INFO]: Injecting profiler invokation callback for onTick in class net.minecraft.client.Minecraft
[17:22:02] [main/INFO]: Injecting profiler invokation callback for onTick in class net.minecraft.client.Minecraft
[17:22:02] [main/INFO]: Injecting profiler invokation callback for onTick in class net.minecraft.client.Minecraft
[17:22:02] [main/INFO]: Injecting profiler invokation callback for onRender in class net.minecraft.client.Minecraft
[17:22:02] [main/INFO]: Injecting profiler invokation callback for onTick in class net.minecraft.client.Minecraft
[17:22:02] [main/INFO]: Injecting profiler invokation callback for onTick in class net.minecraft.client.Minecraft
[17:22:02] [main/INFO]: Injecting profiler invokation callback for onTick in class net.minecraft.client.Minecraft
[17:22:02] [main/INFO]: Injecting profiler invokation callback for onTimerUpdate in class net.minecraft.client.Minecraft
[17:22:02] [main/INFO]: Injecting profiler invokation callback for onAnimateTick in class net.minecraft.client.Minecraft
[17:22:02] [main/INFO]: Applying overlay com.mumfrey.liteloader.client.overlays.MinecraftOverlay to net.minecraft.client.Minecraft
[17:22:02] [main/INFO]: MinecraftOverlayTransformer found INIT injection point, this is good.
[17:22:03] [main/INFO]: Injecting event sendchatmessage with 1 handlers in method func_71165_d in class net.minecraft.client.entity.EntityClientPlayerMP
[17:22:04] [main/INFO]: Injecting profiler invokation callback for postRenderChat in class net.minecraft.client.gui.GuiIngame
[17:22:04] [main/INFO]: Injecting profiler invokation callback for postRenderChat in class net.minecraft.client.gui.GuiIngame
[17:22:04] [main/INFO]: Injecting profiler invokation callback for postRenderChat in class net.minecraft.client.gui.GuiIngame
[17:22:04] [main/INFO]: Injecting profiler invokation callback for postRenderChat in class net.minecraft.client.gui.GuiIngame
[17:22:04] [main/INFO]: Injecting profiler invokation callback for postRenderChat in class net.minecraft.client.gui.GuiIngame
[17:22:04] [main/INFO]: Injecting profiler invokation callback for postRenderChat in class net.minecraft.client.gui.GuiIngame
[17:22:04] [main/INFO]: Injecting profiler invokation callback for postRenderChat in class net.minecraft.client.gui.GuiIngame
[17:22:04] [main/INFO]: Injecting profiler invokation callback for postRenderChat in class net.minecraft.client.gui.GuiIngame
[17:22:04] [main/INFO]: Injecting profiler invokation callback for postRenderChat in class net.minecraft.client.gui.GuiIngame
[17:22:04] [main/INFO]: Injecting profiler invokation callback for postRenderChat in class net.minecraft.client.gui.GuiIngame
[17:22:04] [main/INFO]: Injecting profiler invokation callback for onRenderChat in class net.minecraft.client.gui.GuiIngame
[17:22:04] [main/INFO]: Injecting profiler invokation callback for postRenderChat in class net.minecraft.client.gui.GuiIngame
[17:22:12] [Client thread/INFO]: Injecting method return callback for IntegratedServerCtor in class net.minecraft.server.integrated.IntegratedServer
[17:22:13] [Client thread/INFO]: Injecting profiler invokation callback for preRenderGUI in class net.minecraft.client.renderer.EntityRenderer
[17:22:13] [Client thread/INFO]: Injecting profiler invokation callback for preRenderGUI in class net.minecraft.client.renderer.EntityRenderer
[17:22:13] [Client thread/INFO]: Injecting profiler invokation callback for onRenderHUD in class net.minecraft.client.renderer.EntityRenderer
[17:22:13] [Client thread/INFO]: Injecting profiler invokation callback for preRenderGUI in class net.minecraft.client.renderer.EntityRenderer
[17:22:13] [Client thread/INFO]: Injecting profiler invokation callback for postRenderEntities in class net.minecraft.client.renderer.EntityRenderer
[17:22:13] [Client thread/INFO]: Injecting profiler invokation callback for postRender in class net.minecraft.client.renderer.EntityRenderer
[17:22:13] [Client thread/INFO]: Injecting profiler invokation callback for postRender in class net.minecraft.client.renderer.EntityRenderer
[17:22:13] [Client thread/INFO]: Injecting profiler invokation callback for onSetupCameraTransform in class net.minecraft.client.renderer.EntityRenderer
[17:22:14] [Client thread/INFO]: Injecting event renderfbo with 1 handlers in method func_147615_c in class net.minecraft.client.shader.Framebuffer
[17:22:14] [Client thread/INFO]: Generating new Event Handler Proxy Class com.mumfrey.liteloader.core.event.EventProxy
[17:22:14] [Client thread/INFO]: Successfully generated event handler proxy class with 5 handlers(s) and 5 total invokations
[17:22:40] [Client thread/INFO]: JInput Component Registry initialised, found 26 controller(s) 980 component(s)
[17:22:40] [Client thread/INFO]: PacketTransformer: Running transformer com.mumfrey.liteloader.client.transformers.ServerCustomPayloadPacketTransformer for iz
[17:22:40] [Client thread/INFO]: PacketTransformer: Running transformer com.mumfrey.liteloader.client.transformers.CustomPayloadPacketTransformer for gr
[17:22:40] [Client thread/INFO]: LiteLoader begin INIT...
[17:22:40] [Client thread/INFO]: Injecting external mods into class path...
[17:22:40] [Client thread/INFO]: Injecting external mods into class path...
[17:22:40] [Client thread/INFO]: Discovering mods on class path...
[17:22:40] [Client thread/INFO]: Searching C:\Users\regri\AppData\Roaming\.minecraft\libraries\optifine\OptiFine\1.7.10_HD_U_E7\OptiFine-1.7.10_HD_U_E7.jar...
[17:22:40] [Client thread/INFO]: Searching C:\Users\regri\AppData\Roaming\.minecraft\libraries\net\minecraftforge\forge\1.7.10-10.13.4.1614-1.7.10\forge-1.7.10-10.13.4.1614-1.7.10.jar...
[17:22:40] [Client thread/INFO]: Searching C:\Users\regri\AppData\Roaming\.minecraft\libraries\net\minecraft\launchwrapper\1.12\launchwrapper-1.12.jar...
[17:22:41] [Client thread/INFO]: Searching C:\Users\regri\AppData\Roaming\.minecraft\libraries\org\ow2\asm\asm-all\5.0.3\asm-all-5.0.3.jar...
[17:22:41] [Client thread/INFO]: Searching C:\Users\regri\AppData\Roaming\.minecraft\libraries\com\typesafe\akka\akka-actor_2.11\2.3.3\akka-actor_2.11-2.3.3.jar...
[17:22:41] [Client thread/INFO]: Searching C:\Users\regri\AppData\Roaming\.minecraft\libraries\com\typesafe\config\1.2.1\config-1.2.1.jar...
[17:22:41] [Client thread/INFO]: Searching C:\Users\regri\AppData\Roaming\.minecraft\libraries\org\scala-lang\scala-actors-migration_2.11\1.1.0\scala-actors-migration_2.11-1.1.0.jar...
[17:22:41] [Client thread/INFO]: Searching C:\Users\regri\AppData\Roaming\.minecraft\libraries\org\scala-lang\scala-compiler\2.11.1\scala-compiler-2.11.1.jar...
[17:22:41] [Client thread/INFO]: Searching C:\Users\regri\AppData\Roaming\.minecraft\libraries\org\scala-lang\plugins\scala-continuations-library_2.11\1.0.2\scala-continuations-library_2.11-1.0.2.jar...
[17:22:41] [Client thread/INFO]: Searching C:\Users\regri\AppData\Roaming\.minecraft\libraries\org\scala-lang\plugins\scala-continuations-plugin_2.11.1\1.0.2\scala-continuations-plugin_2.11.1-1.0.2.jar...
[17:22:41] [Client thread/INFO]: Searching C:\Users\regri\AppData\Roaming\.minecraft\libraries\org\scala-lang\scala-library\2.11.1\scala-library-2.11.1.jar...
[17:22:41] [Client thread/INFO]: Searching C:\Users\regri\AppData\Roaming\.minecraft\libraries\org\scala-lang\scala-parser-combinators_2.11\1.0.1\scala-parser-combinators_2.11-1.0.1.jar...
[17:22:41] [Client thread/INFO]: Searching C:\Users\regri\AppData\Roaming\.minecraft\libraries\org\scala-lang\scala-reflect\2.11.1\scala-reflect-2.11.1.jar...
[17:22:41] [Client thread/INFO]: Searching C:\Users\regri\AppData\Roaming\.minecraft\libraries\org\scala-lang\scala-swing_2.11\1.0.1\scala-swing_2.11-1.0.1.jar...
[17:22:41] [Client thread/INFO]: Searching C:\Users\regri\AppData\Roaming\.minecraft\libraries\org\scala-lang\scala-xml_2.11\1.0.2\scala-xml_2.11-1.0.2.jar...
[17:22:41] [Client thread/INFO]: Searching C:\Users\regri\AppData\Roaming\.minecraft\libraries\lzma\lzma\0.0.1\lzma-0.0.1.jar...
[17:22:41] [Client thread/INFO]: Searching C:\Users\regri\AppData\Roaming\.minecraft\libraries\com\google\guava\guava\17.0\guava-17.0.jar...
[17:22:41] [Client thread/INFO]: Searching C:\Users\regri\AppData\Roaming\.minecraft\libraries\org\tlauncher\netty\1.6\netty-1.6.jar...
[17:22:41] [Client thread/INFO]: Searching C:\Users\regri\AppData\Roaming\.minecraft\libraries\com\mojang\realms\1.3.5\realms-1.3.5.jar...
[17:22:41] [Client thread/INFO]: Searching C:\Users\regri\AppData\Roaming\.minecraft\libraries\org\apache\commons\commons-compress\1.8.1\commons-compress-1.8.1.jar...
[17:22:41] [Client thread/INFO]: Searching C:\Users\regri\AppData\Roaming\.minecraft\libraries\org\apache\httpcomponents\httpclient\4.3.3\httpclient-4.3.3.jar...
[17:22:41] [Client thread/INFO]: Searching C:\Users\regri\AppData\Roaming\.minecraft\libraries\commons-logging\commons-logging\1.1.3\commons-logging-1.1.3.jar...
[17:22:41] [Client thread/INFO]: Searching C:\Users\regri\AppData\Roaming\.minecraft\libraries\org\apache\httpcomponents\httpcore\4.3.2\httpcore-4.3.2.jar...
[17:22:41] [Client thread/INFO]: Searching C:\Users\regri\AppData\Roaming\.minecraft\libraries\java3d\vecmath\1.3.1\vecmath-1.3.1.jar...
[17:22:41] [Client thread/INFO]: Searching C:\Users\regri\AppData\Roaming\.minecraft\libraries\net\sf\trove4j\trove4j\3.0.3\trove4j-3.0.3.jar...
[17:22:41] [Client thread/INFO]: Searching C:\Users\regri\AppData\Roaming\.minecraft\libraries\com\ibm\icu\icu4j-core-mojang\51.2\icu4j-core-mojang-51.2.jar...
[17:22:41] [Client thread/INFO]: Searching C:\Users\regri\AppData\Roaming\.minecraft\libraries\net\sf\jopt-simple\jopt-simple\4.5\jopt-simple-4.5.jar...
[17:22:41] [Client thread/INFO]: Searching C:\Users\regri\AppData\Roaming\.minecraft\libraries\com\paulscode\codecjorbis\20101023\codecjorbis-20101023.jar...
[17:22:41] [Client thread/INFO]: Searching C:\Users\regri\AppData\Roaming\.minecraft\libraries\com\paulscode\codecwav\20101023\codecwav-20101023.jar...
[17:22:41] [Client thread/INFO]: Searching C:\Users\regri\AppData\Roaming\.minecraft\libraries\com\paulscode\libraryjavasound\20101123\libraryjavasound-20101123.jar...
[17:22:41] [Client thread/INFO]: Searching C:\Users\regri\AppData\Roaming\.minecraft\libraries\com\paulscode\librarylwjglopenal\20100824\librarylwjglopenal-20100824.jar...
[17:22:41] [Client thread/INFO]: Searching C:\Users\regri\AppData\Roaming\.minecraft\libraries\com\paulscode\soundsystem\20120107\soundsystem-20120107.jar...
[17:22:41] [Client thread/INFO]: Searching C:\Users\regri\AppData\Roaming\.minecraft\libraries\io\netty\netty-all\4.0.10.Final\netty-all-4.0.10.Final.jar...
[17:22:41] [Client thread/INFO]: Searching C:\Users\regri\AppData\Roaming\.minecraft\libraries\org\apache\commons\commons-lang3\3.3.2\commons-lang3-3.3.2.jar...
[17:22:41] [Client thread/INFO]: Searching C:\Users\regri\AppData\Roaming\.minecraft\libraries\commons-io\commons-io\2.4\commons-io-2.4.jar...
[17:22:41] [Client thread/INFO]: Searching C:\Users\regri\AppData\Roaming\.minecraft\libraries\commons-codec\commons-codec\1.9\commons-codec-1.9.jar...
[17:22:41] [Client thread/INFO]: Searching C:\Users\regri\AppData\Roaming\.minecraft\libraries\net\java\jinput\jinput\2.0.5\jinput-2.0.5.jar...
[17:22:41] [Client thread/INFO]: Searching C:\Users\regri\AppData\Roaming\.minecraft\libraries\net\java\jutils\jutils\1.0.0\jutils-1.0.0.jar...
[17:22:41] [Client thread/INFO]: Searching C:\Users\regri\AppData\Roaming\.minecraft\libraries\com\google\code\gson\gson\2.2.4\gson-2.2.4.jar...
[17:22:41] [Client thread/INFO]: Searching C:\Users\regri\AppData\Roaming\.minecraft\libraries\org\tlauncher\authlib\1.7.211\authlib-1.7.211.jar...
[17:22:41] [Client thread/INFO]: Searching C:\Users\regri\AppData\Roaming\.minecraft\libraries\org\apache\logging\log4j\log4j-api\2.0-beta9\log4j-api-2.0-beta9.jar...
[17:22:41] [Client thread/INFO]: Searching C:\Users\regri\AppData\Roaming\.minecraft\libraries\org\apache\logging\log4j\log4j-core\2.0-beta9\log4j-core-2.0-beta9.jar...
[17:22:41] [Client thread/INFO]: Searching C:\Users\regri\AppData\Roaming\.minecraft\libraries\org\lwjgl\lwjgl\lwjgl\2.9.1\lwjgl-2.9.1.jar...
[17:22:41] [Client thread/INFO]: Searching C:\Users\regri\AppData\Roaming\.minecraft\libraries\org\lwjgl\lwjgl\lwjgl_util\2.9.1\lwjgl_util-2.9.1.jar...
[17:22:41] [Client thread/INFO]: Searching C:\Users\regri\AppData\Roaming\.minecraft\libraries\tv\twitch\twitch\5.16\twitch-5.16.jar...
[17:22:41] [Client thread/INFO]: Searching C:\Users\regri\AppData\Roaming\.minecraft\versions\ForgeOptiFine 1.7.10\ForgeOptiFine 1.7.10.jar...
[17:22:41] [Client thread/INFO]: Discovering mods in valid mod files...
[17:22:41] [Client thread/INFO]: Searching C:\Users\regri\AppData\Roaming\.minecraft\mods\mod_voxelMap_1.2.1_for_1.7.10.litemod...
[17:22:41] [Client thread/INFO]: Found 1 potential matches
[17:22:41] [Client thread/INFO]: Discovering mods in valid mod files...
[17:22:41] [Client thread/INFO]: Mod class discovery completed
[17:22:41] [Client thread/INFO]: LiteLoader begin POSTINIT...
[17:22:41] [Client thread/INFO]: Inhibiting sound handler reload
[17:22:41] [Client thread/INFO]: Registering interface provider com.mumfrey.liteloader.client.ClientEvents for API LiteLoader core API
[17:22:41] [Client thread/INFO]: PacketTransformer: Running transformer com.mumfrey.liteloader.client.transformers.ChatPacketTransformer for gj
[17:22:41] [Client thread/INFO]: PacketTransformer: Running transformer com.mumfrey.liteloader.client.transformers.LoginSuccessPacketTransformer for js
[17:22:41] [Client thread/INFO]: PacketTransformer: Running transformer com.mumfrey.liteloader.client.transformers.JoinGamePacketTransformer for hd
[17:22:41] [Client thread/INFO]: PacketTransformer: Running transformer com.mumfrey.liteloader.client.transformers.ServerChatPacketTransformer for ir
[17:22:41] [Client thread/INFO]: Injecting method return callback for onPlayerLogin in class net.minecraft.server.management.ServerConfigurationManager
[17:22:41] [Client thread/INFO]: Injecting method return callback for onPlayerLogout in class net.minecraft.server.management.ServerConfigurationManager
[17:22:41] [Client thread/INFO]: Injecting method return callback for onSpawnPlayer in class net.minecraft.server.management.ServerConfigurationManager
[17:22:41] [Client thread/INFO]: Injecting method return callback for onRespawnPlayer in class net.minecraft.server.management.ServerConfigurationManager
[17:22:41] [Client thread/INFO]: Registering interface provider com.mumfrey.liteloader.client.ClientPluginChannelsClient for API LiteLoader core API
[17:22:41] [Client thread/INFO]: Registering interface provider com.mumfrey.liteloader.core.ServerPluginChannels for API LiteLoader core API
[17:22:41] [Client thread/INFO]: Discovered 1 total mod(s)
[17:22:41] [Client thread/INFO]: Loading mod from com.thevoxelbox.voxelmap.litemod.LiteModVoxelMap
[17:22:41] [Client thread/INFO]: Successfully added mod VoxelMap version 1.2.1
[17:22:41] [Client thread/INFO]: Adding "C:\Users\regri\AppData\Roaming\.minecraft\mods\mod_voxelMap_1.2.1_for_1.7.10.litemod" to active resource pack set
[17:22:41] [Client thread/INFO]: Setting up "mod_voxelMap_1.2.1_for_1.7.10.litemod" as mod resource pack with identifier "VoxelMap"
[17:22:41] [Client thread/INFO]: Successfully added "C:\Users\regri\AppData\Roaming\.minecraft\mods\mod_voxelMap_1.2.1_for_1.7.10.litemod" to active resource pack set
[17:22:41] [Client thread/INFO]: Initialising mod VoxelMap version 1.2.1
[17:22:48] [Client thread/INFO]: Calling late init for mod VoxelMap
[17:22:49] [Client thread/INFO]: Sound handler reload inhibit removed
[17:22:49] [Client thread/INFO]: Reloading sound handler
[17:22:58] [Client thread/INFO]: LiteLoader is shutting down, shutting down core providers and syncing configuration
