[18:52:22] [Client thread/INFO] [JMLogger] JourneyMap log initialized.
[18:52:22] [Client thread/INFO] [JourneyMap] ensureCurrent ENTER
[18:52:22] [Client thread/INFO] [PropertiesBase] Loaded CoreProperties from C:\Users\regri\AppData\Roaming\.minecraft\journeymap\config\5.1\journeymap.core.config
[18:52:22] [Client thread/INFO] [PropertiesBase] Loaded FullMapProperties from C:\Users\regri\AppData\Roaming\.minecraft\journeymap\config\5.1\journeymap.fullmap.config
[18:52:23] [Client thread/INFO] [PropertiesBase] Loaded MiniMapProperties from C:\Users\regri\AppData\Roaming\.minecraft\journeymap\config\5.1\journeymap.minimap.config
[18:52:23] [Client thread/INFO] [PropertiesBase] Loaded MiniMapProperties2 from C:\Users\regri\AppData\Roaming\.minecraft\journeymap\config\5.1\journeymap.minimap2.config
[18:52:23] [Client thread/INFO] [PropertiesBase] Loaded WebMapProperties from C:\Users\regri\AppData\Roaming\.minecraft\journeymap\config\5.1\journeymap.webmap.config
[18:52:23] [Client thread/INFO] [PropertiesBase] Loaded WaypointProperties from C:\Users\regri\AppData\Roaming\.minecraft\journeymap\config\5.1\journeymap.waypoint.config
[18:52:23] [Client thread/INFO] [?] Version: JourneyMap 5.1.0 Unlimited, built with Forge 10.13.2.1291
Forge: 10.13.4.1614
Environment: os.name, os.arch, java.version, user.country, user.language=null, game language=ru_RU, locale=ru_ru
Unlimited Features: 
	RadarPlayers : singleplayer = true , multiplayer = true
	RadarAnimals : singleplayer = true , multiplayer = true
	RadarMobs : singleplayer = true , multiplayer = true
	RadarVillagers : singleplayer = true , multiplayer = true
	MapCaves : singleplayer = true , multiplayer = true
MiniMapProperties{entityIconSetName=2D, showAnimals=true, showMobs=true, showPets=true, showPlayers=true, showSelf=true, showVillagers=true, showWaypoints=true, zoomLevel=0, fontScale=2, locationFormat=xzyv, locationFormatVerbose=true, showCaves=true, showWaypointLabels=true, showMobHeading=true, showPlayerHeading=true, textureSmall=true, active=true, compassFontScale=2, enabled=true, frameAlpha=100, name=minimap, orientation=Моё направление, position=Вверху справа, preferredMapType=day, reticleOrientation=Компас, shape=Окружность, showBiome=true, showCompass=true, showFps=false, showLocation=true, showReticle=true, sizePercent=30, terrainAlpha=100}
MiniMapProperties2{enabled=true, shape=Прямоугольник, position=Сверху по центру, showFps=false, showBiome=true, showLocation=true, showWaypointLabels=true, sizePercent=30, frameAlpha=60, terrainAlpha=60, orientation=Моё направление, compassFontScale=2, showCompass=true, showReticle=true, reticleOrientation=Компас, preferredMapType=day, name=minimap2, id=2}
FullMapProperties{entityIconSetName=2D, showAnimals=true, showMobs=true, showPets=true, showPlayers=true, showSelf=true, showVillagers=true, showWaypoints=true, zoomLevel=0, fontScale=2, locationFormat=xzyv, locationFormatVerbose=true, showCaves=true, showWaypointLabels=true, showMobHeading=true, showPlayerHeading=true, textureSmall=true, preferredMapType=day, showGrid=true}
WaypointProperties{autoHideLabel=true, beaconEnabled=true, boldLabel=false, createDeathpoints=true, fontScale=2, managerEnabled=true, maxDistance=0, name=waypoint, showDistance=true, showName=true, showRotatingBeam=true, showStaticBeam=true, showTexture=true, textureSmall=true}
WebMapProperties: , enabled=false, port=8080, showMobs=true, showAnimals=true, showVillagers=true, showPets=true, showPlayers=true, showWaypoints=true, entityIconSetName=2D
CoreProperties{announceMod=true, autoMapPoll=2000, browserPoll=2000, cacheAnimalsData=3100, cacheMobsData=3000, cachePlayerData=1000, cachePlayersData=2000, cacheVillagersData=2200, caveIgnoreGlass=true, checkUpdates=true, renderDelay=2, hideSneakingEntities=true, logLevel=INFO, mapAntialiasing=true, mapBathymetry=false, mapCaveLighting=true, mapCrops=true, mapPlants=false, mapPlantShadows=false, mapSurfaceAboveCaves=true, tileHighDisplayQuality=true, mapTransparency=true, maxAnimalsData=32, maxMobsData=32, maxPlayersData=32, maxVillagersData=32, optionsManagerViewed=, radarLateralDistance=64, radarVerticalDistance=16, recordCacheStats=false, renderOverlayEventTypeName=ALL, renderOverlayPreEvent=true, renderDistanceCaveMin=3, renderDistanceCaveMax=3, renderDistanceSurfaceMin=4, renderDistanceSurfaceMax=6, revealShape=Окружность, themeName=Victorian, tileRenderType=1}
[18:52:23] [Client thread/INFO] [JourneyMap] ensureCurrent EXIT, elapsed§8 count §r1§8 avg §r596,49§8ms§r
[18:52:59] [Client thread/INFO] [JourneyMap] postInitialize ENTER
[18:52:59] [Client thread/INFO] [WorldInfoHandler] Registered channel: world_info
[18:52:59] [Client thread/INFO] [ModBlockDelegate] Registered IModBlockHandler for: 'CarpentersBlocks:blockCarpentersBlock, CarpentersBlocks:blockCarpentersBarrier, CarpentersBlocks:blockCarpentersBed, CarpentersBlocks:blockCarpentersCollapsibleBlock, CarpentersBlocks:blockCarpentersDaylightSensor, CarpentersBlocks:blockCarpentersDoor, CarpentersBlocks:blockCarpentersFlowerPot, CarpentersBlocks:blockCarpentersGarageDoor, CarpentersBlocks:blockCarpentersGate, CarpentersBlocks:blockCarpentersHatch, CarpentersBlocks:blockCarpentersPressurePlate, CarpentersBlocks:blockCarpentersSafe, CarpentersBlocks:blockCarpentersSlope, CarpentersBlocks:blockCarpentersStairs'.
[18:53:01] [Client thread/INFO] [IconSetFileHandler] Initializing icon sets...
[18:53:02] [Client thread/INFO] [JourneyMap] postInitialize EXIT, elapsed§8 count §r1§8 avg §r§r3305,17§8ms§r
